#
# There is insufficient memory for the Java Runtime Environment to continue.
# Native memory allocation (mmap) failed to map 65011712 bytes for Failed to commit area from 0x0000000714600000 to 0x0000000718400000 of length 65011712.
# Possible reasons:
#   The system is out of physical RAM or swap space
#   The process is running with CompressedOops enabled, and the Java Heap may be blocking the growth of the native heap
# Possible solutions:
#   Reduce memory load on the system
#   Increase physical memory or swap space
#   Check if swap backing store is full
#   Decrease Java heap size (-Xmx/-Xms)
#   Decrease number of Java threads
#   Decrease Java thread stack sizes (-Xss)
#   Set larger code cache with -XX:ReservedCodeCacheSize=
#   JVM is running with Zero Based Compressed Oops mode in which the Java heap is
#     placed in the first 32GB address space. The Java Heap base address is the
#     maximum limit for the native heap growth. Please use -XX:HeapBaseMinAddress
#     to set the Java Heap base and to place the Java Heap above 32GB virtual address.
# This output file may be truncated or incomplete.
#
#  Out of Memory Error (c:/BuildAgent/work/5ff2f6c26000d570/src/hotspot/os/windows/os_windows.cpp:3281), pid=7888, tid=6016
#
# JRE version: OpenJDK Runtime Environment (11.0.4+10) (build 11.0.4+10-b304.69)
# Java VM: OpenJDK 64-Bit Server VM (11.0.4+10-b304.69, mixed mode, sharing, tiered, compressed oops, g1 gc, windows-amd64)
# No core dump will be written. Minidumps are not enabled by default on client versions of Windows
#

---------------  S U M M A R Y ------------

Command Line: -agentlib:jdwp=transport=dt_socket,address=127.0.0.1:56438,suspend=y,server=n -XX:TieredStopAtLevel=1 -Xverify:none -Dspring.output.ansi.enabled=always -Dcom.sun.management.jmxremote -Dspring.jmx.enabled=true -Dspring.liveBeansView.mbeanDomain -Dspring.application.admin.enabled=true -javaagent:C:\Users\jasak\.IntelliJIdea2019.2\system\captureAgent\debugger-agent.jar -Dfile.encoding=UTF-8 com.example.test1.Test1Application

Host: Intel(R) Core(TM) i5-4460  CPU @ 3.20GHz, 4 cores, 15G,  Windows 10 , 64 bit Build 18362 (10.0.18362.1316)
Time: Wed Feb  3 16:35:52 2021 Central European Standard Time elapsed time: 62 seconds (0d 0h 1m 2s)

---------------  T H R E A D  ---------------

Current thread (0x0000023266547000):  VMThread "VM Thread" [stack: 0x0000003992f00000,0x0000003993000000] [id=6016]

Stack: [0x0000003992f00000,0x0000003993000000]
[error occurred during error reporting (printing stack bounds), id 0xc0000005, EXCEPTION_ACCESS_VIOLATION (0xc0000005) at pc=0x000002324b8e0bad]

Native frames: (J=compiled Java code, j=interpreted, Vv=VM code, C=native code)
V  [jvm.dll+0x5db31a]
V  [jvm.dll+0x70c395]
V  [jvm.dll+0x70d8b8]
V  [jvm.dll+0x70dee5]
V  [jvm.dll+0x70de9b]
V  [jvm.dll+0x5daa98]
V  [jvm.dll+0x5daf08]
C  [ntdll.dll+0xa184f]
C  [ntdll.dll+0x6a889]
C  [ntdll.dll+0xa04be]
C  0x000002324b8e0bad

VM_Operation (0x0000003994cf9110): CollectForMetadataAllocation, mode: safepoint, requested by thread 0x000002326a054000


---------------  P R O C E S S  ---------------

Threads class SMR info:
_java_thread_list=0x0000023269e0c190, length=35, elements={
0x0000023266549000, 0x000002326654f800, 0x0000023266565800, 0x0000023266566800,
0x000002326656b800, 0x000002326658a000, 0x0000023266e11000, 0x0000023266f20800,
0x0000023266f3b000, 0x0000023266f40000, 0x000002326718e000, 0x000002326763a000,
0x0000023267f6f800, 0x0000023267fc9000, 0x0000023268ce1800, 0x0000023268ead800,
0x0000023268780000, 0x0000023268e64800, 0x00000232699ec800, 0x000002326a052800,
0x000002326a053800, 0x000002326a054000, 0x000002326a051000, 0x000002326a051800,
0x000002326a055000, 0x000002326a04f800, 0x000002326a056000, 0x000002326a050000,
0x000002326a0ae000, 0x000002326a0a9800, 0x000002326a0ab800, 0x000002326a0ad800,
0x000002326a0ac800, 0x000002326a0af000, 0x000002326a0aa000
}

Java Threads: ( => current thread )
  0x0000023266549000 JavaThread "Reference Handler" daemon [_thread_blocked, id=14996, stack(0x0000003993000000,0x0000003993100000)]
  0x000002326654f800 JavaThread "Finalizer" daemon [_thread_blocked, id=13160, stack(0x0000003993100000,0x0000003993200000)]
  0x0000023266565800 JavaThread "Signal Dispatcher" daemon [_thread_blocked, id=14360, stack(0x0000003993200000,0x0000003993300000)]
  0x0000023266566800 JavaThread "Attach Listener" daemon [_thread_blocked, id=792, stack(0x0000003993300000,0x0000003993400000)]
  0x000002326656b800 JavaThread "C1 CompilerThread0" daemon [_thread_blocked, id=11760, stack(0x0000003993400000,0x0000003993500000)]
  0x000002326658a000 JavaThread "Sweeper thread" daemon [_thread_blocked, id=1288, stack(0x0000003993500000,0x0000003993600000)]
  0x0000023266e11000 JavaThread "Common-Cleaner" daemon [_thread_blocked, id=13528, stack(0x0000003993600000,0x0000003993700000)]
  0x0000023266f20800 JavaThread "JDWP Transport Listener: dt_socket" daemon [_thread_blocked, id=7188, stack(0x0000003993700000,0x0000003993800000)]
  0x0000023266f3b000 JavaThread "JDWP Event Helper Thread" daemon [_thread_blocked, id=11104, stack(0x0000003993800000,0x0000003993900000)]
  0x0000023266f40000 JavaThread "JDWP Command Reader" daemon [_thread_in_native, id=8736, stack(0x0000003993900000,0x0000003993a00000)]
  0x000002326718e000 JavaThread "Service Thread" daemon [_thread_blocked, id=5396, stack(0x0000003993a00000,0x0000003993b00000)]
  0x000002326763a000 JavaThread "RMI TCP Accept-0" daemon [_thread_in_native, id=12436, stack(0x0000003993b00000,0x0000003993c00000)]
  0x0000023267f6f800 JavaThread "RMI TCP Connection(idle)" daemon [_thread_blocked, id=7924, stack(0x0000003994100000,0x0000003994200000)]
  0x0000023267fc9000 JavaThread "RMI Scheduler(0)" daemon [_thread_blocked, id=8292, stack(0x0000003994200000,0x0000003994300000)]
  0x0000023268ce1800 JavaThread "Catalina-utility-1" [_thread_blocked, id=3292, stack(0x0000003994300000,0x0000003994400000)]
  0x0000023268ead800 JavaThread "Catalina-utility-2" [_thread_blocked, id=6860, stack(0x0000003994400000,0x0000003994500000)]
  0x0000023268780000 JavaThread "container-0" [_thread_blocked, id=9616, stack(0x0000003994500000,0x0000003994600000)]
  0x0000023268e64800 JavaThread "PostgreSQL-JDBC-SharedTimer-1" daemon [_thread_blocked, id=12744, stack(0x0000003994700000,0x0000003994800000)]
  0x00000232699ec800 JavaThread "HikariPool-1 housekeeper" daemon [_thread_blocked, id=8544, stack(0x0000003994800000,0x0000003994900000)]
  0x000002326a052800 JavaThread "http-nio-8080-BlockPoller" daemon [_thread_in_native, id=8200, stack(0x0000003994a00000,0x0000003994b00000)]
  0x000002326a053800 JavaThread "http-nio-8080-exec-1" daemon [_thread_blocked, id=608, stack(0x0000003994b00000,0x0000003994c00000)]
  0x000002326a054000 JavaThread "http-nio-8080-exec-2" daemon [_thread_blocked, id=6932, stack(0x0000003994c00000,0x0000003994d00000)]
  0x000002326a051000 JavaThread "http-nio-8080-exec-3" daemon [_thread_blocked, id=8160, stack(0x0000003994d00000,0x0000003994e00000)]
  0x000002326a051800 JavaThread "http-nio-8080-exec-4" daemon [_thread_blocked, id=9248, stack(0x0000003994e00000,0x0000003994f00000)]
  0x000002326a055000 JavaThread "http-nio-8080-exec-5" daemon [_thread_blocked, id=12528, stack(0x0000003994f00000,0x0000003995000000)]
  0x000002326a04f800 JavaThread "http-nio-8080-exec-6" daemon [_thread_blocked, id=1572, stack(0x0000003995000000,0x0000003995100000)]
  0x000002326a056000 JavaThread "http-nio-8080-exec-7" daemon [_thread_blocked, id=12076, stack(0x0000003995100000,0x0000003995200000)]
  0x000002326a050000 JavaThread "http-nio-8080-exec-8" daemon [_thread_blocked, id=9772, stack(0x0000003995200000,0x0000003995300000)]
  0x000002326a0ae000 JavaThread "http-nio-8080-exec-9" daemon [_thread_blocked, id=14684, stack(0x0000003995300000,0x0000003995400000)]
  0x000002326a0a9800 JavaThread "http-nio-8080-exec-10" daemon [_thread_blocked, id=6500, stack(0x0000003995400000,0x0000003995500000)]
  0x000002326a0ab800 JavaThread "http-nio-8080-ClientPoller" daemon [_thread_in_native, id=14772, stack(0x0000003995500000,0x0000003995600000)]
  0x000002326a0ad800 JavaThread "http-nio-8080-Acceptor" daemon [_thread_in_native, id=12316, stack(0x0000003995600000,0x0000003995700000)]
  0x000002326a0ac800 JavaThread "DestroyJavaVM" [_thread_blocked, id=12864, stack(0x0000003992900000,0x0000003992a00000)]
  0x000002326a0af000 JavaThread "RMI TCP Connection(idle)" daemon [_thread_blocked, id=10276, stack(0x0000003995700000,0x0000003995800000)]
  0x000002326a0aa000 JavaThread "RMI TCP Connection(idle)" daemon [_thread_blocked, id=14100, stack(0x0000003995800000,0x0000003995900000)]

Other Threads:
=>0x0000023266547000 VMThread "VM Thread" [stack: 0x0000003992f00000,0x0000003993000000] [id=6016]
  0x000002326764c800 WatcherThread [stack: 0x0000003994000000,0x0000003994100000] [id=32]
  0x0000023247a53000 GCTaskThread "GC Thread#0" [stack: 0x0000003992a00000,0x0000003992b00000] [id=7012]
  0x000002326761f000 GCTaskThread "GC Thread#1" [stack: 0x0000003993c00000,0x0000003993d00000] [id=3052]
  0x0000023267638000 GCTaskThread "GC Thread#2" [stack: 0x0000003993d00000,0x0000003993e00000] [id=12164]
  0x0000023267640000 GCTaskThread "GC Thread#3" [stack: 0x0000003993e00000,0x0000003993f00000] [id=11736]
  0x0000023247aaf800 ConcurrentGCThread "G1 Main Marker" [stack: 0x0000003992b00000,0x0000003992c00000] [id=2164]
  0x0000023247ab3000 ConcurrentGCThread "G1 Conc#0" [stack: 0x0000003992c00000,0x0000003992d00000] [id=8064]
  0x0000023266459800 ConcurrentGCThread "G1 Refine#0" [stack: 0x0000003992d00000,0x0000003992e00000] [id=14948]
  0x0000023267082000 ConcurrentGCThread "G1 Refine#1" [stack: 0x0000003993f00000,0x0000003994000000] [id=8840]
  0x000002326645a800 ConcurrentGCThread "G1 Young RemSet Sampling" [stack: 0x0000003992e00000,0x0000003992f00000] [id=1820]

Threads with active compile tasks:

VM state:at safepoint (normal execution)

VM Mutex/Monitor currently owned by a thread:  ([mutex/lock_event])
[0x0000023247a36710] Threads_lock - owner thread: 0x0000023266547000
[0x0000023247a37490] Heap_lock - owner thread: 0x000002326a054000

Heap address: 0x0000000701200000, size: 4078 MB, Compressed Oops mode: Zero based, Oop shift amount: 3
Narrow klass base: 0x0000000800000000, Narrow klass shift: 3
Compressed class space size: 1073741824 Address: 0x0000000840000000

Heap:
 garbage-first heap   total 378880K, used 26644K [0x0000000701200000, 0x0000000800000000)
  region size 1024K, 12 young (12288K), 12 survivors (12288K)
 Metaspace       used 58055K, capacity 60329K, committed 60420K, reserved 1101824K
  class space    used 7972K, capacity 8874K, committed 8908K, reserved 1048576K
Heap Regions: E=young(eden), S=young(survivor), O=old, HS=humongous(starts), HC=humongous(continues), CS=collection set, F=free, A=archive, TAMS=top-at-mark-start (previous, next)
|   0|0x0000000701200000, 0x0000000701300000, 0x0000000701300000|100%|HS|  |TAMS 0x0000000701300000, 0x0000000701300000| Complete 
|   1|0x0000000701300000, 0x0000000701400000, 0x0000000701400000|100%| O|  |TAMS 0x0000000701400000, 0x0000000701400000| Untracked 
|   2|0x0000000701400000, 0x0000000701500000, 0x0000000701500000|100%| O|  |TAMS 0x0000000701500000, 0x0000000701500000| Untracked 
|   3|0x0000000701500000, 0x0000000701600000, 0x0000000701600000|100%| O|  |TAMS 0x0000000701600000, 0x0000000701600000| Untracked 
|   4|0x0000000701600000, 0x0000000701700000, 0x0000000701700000|100%| O|  |TAMS 0x0000000701700000, 0x0000000701700000| Untracked 
|   5|0x0000000701700000, 0x0000000701800000, 0x0000000701800000|100%| O|  |TAMS 0x00000007017d7600, 0x0000000701800000| Untracked 
|   6|0x0000000701800000, 0x0000000701900000, 0x0000000701900000|100%| O|  |TAMS 0x0000000701800000, 0x0000000701900000| Untracked 
|   7|0x0000000701900000, 0x0000000701a00000, 0x0000000701a00000|100%| O|  |TAMS 0x0000000701900000, 0x0000000701a00000| Untracked 
|   8|0x0000000701a00000, 0x0000000701b00000, 0x0000000701b00000|100%| O|  |TAMS 0x0000000701a00000, 0x0000000701b00000| Untracked 
|   9|0x0000000701b00000, 0x0000000701c00000, 0x0000000701c00000|100%| O|  |TAMS 0x0000000701b00000, 0x0000000701c00000| Untracked 
|  10|0x0000000701c00000, 0x0000000701d00000, 0x0000000701d00000|100%| O|  |TAMS 0x0000000701c00000, 0x0000000701d00000| Untracked 
|  11|0x0000000701d00000, 0x0000000701e00000, 0x0000000701e00000|100%| O|  |TAMS 0x0000000701d00000, 0x0000000701e00000| Untracked 
|  12|0x0000000701e00000, 0x0000000701f00000, 0x0000000701f00000|100%| O|  |TAMS 0x0000000701e00000, 0x0000000701f00000| Untracked 
|  13|0x0000000701f00000, 0x0000000702000000, 0x0000000702000000|100%| O|  |TAMS 0x0000000701f00000, 0x0000000702000000| Untracked 
|  14|0x0000000702000000, 0x0000000702085000, 0x0000000702100000| 51%| O|  |TAMS 0x0000000702000000, 0x0000000702085000| Untracked 
|  15|0x0000000702100000, 0x0000000702100000, 0x0000000702200000|  0%| F|  |TAMS 0x0000000702100000, 0x0000000702100000| Untracked 
|  16|0x0000000702200000, 0x0000000702200000, 0x0000000702300000|  0%| F|  |TAMS 0x0000000702200000, 0x0000000702200000| Untracked 
|  17|0x0000000702300000, 0x0000000702300000, 0x0000000702400000|  0%| F|  |TAMS 0x0000000702300000, 0x0000000702300000| Untracked 
|  18|0x0000000702400000, 0x0000000702400000, 0x0000000702500000|  0%| F|  |TAMS 0x0000000702400000, 0x0000000702400000| Untracked 
|  19|0x0000000702500000, 0x0000000702500000, 0x0000000702600000|  0%| F|  |TAMS 0x0000000702500000, 0x0000000702500000| Untracked 
|  20|0x0000000702600000, 0x0000000702600000, 0x0000000702700000|  0%| F|  |TAMS 0x0000000702600000, 0x0000000702600000| Untracked 
|  21|0x0000000702700000, 0x0000000702700000, 0x0000000702800000|  0%| F|  |TAMS 0x0000000702700000, 0x0000000702700000| Untracked 
|  22|0x0000000702800000, 0x0000000702800000, 0x0000000702900000|  0%| F|  |TAMS 0x0000000702800000, 0x0000000702800000| Untracked 
|  23|0x0000000702900000, 0x0000000702900000, 0x0000000702a00000|  0%| F|  |TAMS 0x0000000702900000, 0x0000000702900000| Untracked 
|  24|0x0000000702a00000, 0x0000000702a00000, 0x0000000702b00000|  0%| F|  |TAMS 0x0000000702a00000, 0x0000000702a00000| Untracked 
|  25|0x0000000702b00000, 0x0000000702b00000, 0x0000000702c00000|  0%| F|  |TAMS 0x0000000702b00000, 0x0000000702b00000| Untracked 
|  26|0x0000000702c00000, 0x0000000702c00000, 0x0000000702d00000|  0%| F|  |TAMS 0x0000000702c00000, 0x0000000702c00000| Untracked 
|  27|0x0000000702d00000, 0x0000000702d00000, 0x0000000702e00000|  0%| F|  |TAMS 0x0000000702d00000, 0x0000000702d00000| Untracked 
|  28|0x0000000702e00000, 0x0000000702e00000, 0x0000000702f00000|  0%| F|  |TAMS 0x0000000702e00000, 0x0000000702e00000| Untracked 
|  29|0x0000000702f00000, 0x0000000702f00000, 0x0000000703000000|  0%| F|  |TAMS 0x0000000702f00000, 0x0000000702f00000| Untracked 
|  30|0x0000000703000000, 0x0000000703000000, 0x0000000703100000|  0%| F|  |TAMS 0x0000000703000000, 0x0000000703000000| Untracked 
|  31|0x0000000703100000, 0x0000000703100000, 0x0000000703200000|  0%| F|  |TAMS 0x0000000703100000, 0x0000000703100000| Untracked 
|  32|0x0000000703200000, 0x0000000703200000, 0x0000000703300000|  0%| F|  |TAMS 0x0000000703200000, 0x0000000703200000| Untracked 
|  33|0x0000000703300000, 0x0000000703300000, 0x0000000703400000|  0%| F|  |TAMS 0x0000000703300000, 0x0000000703300000| Untracked 
|  34|0x0000000703400000, 0x0000000703400000, 0x0000000703500000|  0%| F|  |TAMS 0x0000000703400000, 0x0000000703400000| Untracked 
|  35|0x0000000703500000, 0x0000000703500000, 0x0000000703600000|  0%| F|  |TAMS 0x0000000703500000, 0x0000000703500000| Untracked 
|  36|0x0000000703600000, 0x0000000703600000, 0x0000000703700000|  0%| F|  |TAMS 0x0000000703600000, 0x0000000703600000| Untracked 
|  37|0x0000000703700000, 0x0000000703700000, 0x0000000703800000|  0%| F|  |TAMS 0x0000000703700000, 0x0000000703700000| Untracked 
|  38|0x0000000703800000, 0x0000000703800000, 0x0000000703900000|  0%| F|  |TAMS 0x0000000703800000, 0x0000000703800000| Untracked 
|  39|0x0000000703900000, 0x0000000703900000, 0x0000000703a00000|  0%| F|  |TAMS 0x0000000703900000, 0x0000000703900000| Untracked 
|  40|0x0000000703a00000, 0x0000000703a00000, 0x0000000703b00000|  0%| F|  |TAMS 0x0000000703a00000, 0x0000000703a00000| Untracked 
|  41|0x0000000703b00000, 0x0000000703b00000, 0x0000000703c00000|  0%| F|  |TAMS 0x0000000703b00000, 0x0000000703b00000| Untracked 
|  42|0x0000000703c00000, 0x0000000703c00000, 0x0000000703d00000|  0%| F|  |TAMS 0x0000000703c00000, 0x0000000703c00000| Untracked 
|  43|0x0000000703d00000, 0x0000000703d00000, 0x0000000703e00000|  0%| F|  |TAMS 0x0000000703d00000, 0x0000000703d00000| Untracked 
|  44|0x0000000703e00000, 0x0000000703e00000, 0x0000000703f00000|  0%| F|  |TAMS 0x0000000703e00000, 0x0000000703e00000| Untracked 
|  45|0x0000000703f00000, 0x0000000703f00000, 0x0000000704000000|  0%| F|  |TAMS 0x0000000703f00000, 0x0000000703f00000| Untracked 
|  46|0x0000000704000000, 0x0000000704000000, 0x0000000704100000|  0%| F|  |TAMS 0x0000000704000000, 0x0000000704000000| Untracked 
|  47|0x0000000704100000, 0x0000000704100000, 0x0000000704200000|  0%| F|  |TAMS 0x0000000704100000, 0x0000000704100000| Untracked 
|  48|0x0000000704200000, 0x0000000704200000, 0x0000000704300000|  0%| F|  |TAMS 0x0000000704200000, 0x0000000704200000| Untracked 
|  49|0x0000000704300000, 0x0000000704300000, 0x0000000704400000|  0%| F|  |TAMS 0x0000000704300000, 0x0000000704300000| Untracked 
|  50|0x0000000704400000, 0x0000000704400000, 0x0000000704500000|  0%| F|  |TAMS 0x0000000704400000, 0x0000000704400000| Untracked 
|  51|0x0000000704500000, 0x0000000704500000, 0x0000000704600000|  0%| F|  |TAMS 0x0000000704500000, 0x0000000704500000| Untracked 
|  52|0x0000000704600000, 0x0000000704600000, 0x0000000704700000|  0%| F|  |TAMS 0x0000000704600000, 0x0000000704600000| Untracked 
|  53|0x0000000704700000, 0x0000000704700000, 0x0000000704800000|  0%| F|  |TAMS 0x0000000704700000, 0x0000000704700000| Untracked 
|  54|0x0000000704800000, 0x0000000704800000, 0x0000000704900000|  0%| F|  |TAMS 0x0000000704800000, 0x0000000704800000| Untracked 
|  55|0x0000000704900000, 0x0000000704900000, 0x0000000704a00000|  0%| F|  |TAMS 0x0000000704900000, 0x0000000704900000| Untracked 
|  56|0x0000000704a00000, 0x0000000704a00000, 0x0000000704b00000|  0%| F|  |TAMS 0x0000000704a00000, 0x0000000704a00000| Untracked 
|  57|0x0000000704b00000, 0x0000000704b00000, 0x0000000704c00000|  0%| F|  |TAMS 0x0000000704b00000, 0x0000000704b00000| Untracked 
|  58|0x0000000704c00000, 0x0000000704c00000, 0x0000000704d00000|  0%| F|  |TAMS 0x0000000704c00000, 0x0000000704c00000| Untracked 
|  59|0x0000000704d00000, 0x0000000704d00000, 0x0000000704e00000|  0%| F|  |TAMS 0x0000000704d00000, 0x0000000704d00000| Untracked 
|  60|0x0000000704e00000, 0x0000000704e00000, 0x0000000704f00000|  0%| F|  |TAMS 0x0000000704e00000, 0x0000000704e00000| Untracked 
|  61|0x0000000704f00000, 0x0000000704f00000, 0x0000000705000000|  0%| F|  |TAMS 0x0000000704f00000, 0x0000000704f00000| Untracked 
|  62|0x0000000705000000, 0x0000000705000000, 0x0000000705100000|  0%| F|  |TAMS 0x0000000705000000, 0x0000000705000000| Untracked 
|  63|0x0000000705100000, 0x0000000705100000, 0x0000000705200000|  0%| F|  |TAMS 0x0000000705100000, 0x0000000705100000| Untracked 
|  64|0x0000000705200000, 0x0000000705200000, 0x0000000705300000|  0%| F|  |TAMS 0x0000000705200000, 0x0000000705200000| Untracked 
|  65|0x0000000705300000, 0x0000000705300000, 0x0000000705400000|  0%| F|  |TAMS 0x0000000705300000, 0x0000000705300000| Untracked 
|  66|0x0000000705400000, 0x0000000705400000, 0x0000000705500000|  0%| F|  |TAMS 0x0000000705400000, 0x0000000705400000| Untracked 
|  67|0x0000000705500000, 0x0000000705500000, 0x0000000705600000|  0%| F|  |TAMS 0x0000000705500000, 0x0000000705500000| Untracked 
|  68|0x0000000705600000, 0x0000000705600000, 0x0000000705700000|  0%| F|  |TAMS 0x0000000705600000, 0x0000000705600000| Untracked 
|  69|0x0000000705700000, 0x0000000705700000, 0x0000000705800000|  0%| F|  |TAMS 0x0000000705700000, 0x0000000705700000| Untracked 
|  70|0x0000000705800000, 0x0000000705800000, 0x0000000705900000|  0%| F|  |TAMS 0x0000000705800000, 0x0000000705800000| Untracked 
|  71|0x0000000705900000, 0x0000000705900000, 0x0000000705a00000|  0%| F|  |TAMS 0x0000000705900000, 0x0000000705900000| Untracked 
|  72|0x0000000705a00000, 0x0000000705a00000, 0x0000000705b00000|  0%| F|  |TAMS 0x0000000705a00000, 0x0000000705a00000| Untracked 
|  73|0x0000000705b00000, 0x0000000705b00000, 0x0000000705c00000|  0%| F|  |TAMS 0x0000000705b00000, 0x0000000705b00000| Untracked 
|  74|0x0000000705c00000, 0x0000000705c00000, 0x0000000705d00000|  0%| F|  |TAMS 0x0000000705c00000, 0x0000000705c00000| Untracked 
|  75|0x0000000705d00000, 0x0000000705d00000, 0x0000000705e00000|  0%| F|  |TAMS 0x0000000705d00000, 0x0000000705d00000| Untracked 
|  76|0x0000000705e00000, 0x0000000705e00000, 0x0000000705f00000|  0%| F|  |TAMS 0x0000000705e00000, 0x0000000705e00000| Untracked 
|  77|0x0000000705f00000, 0x0000000705f00000, 0x0000000706000000|  0%| F|  |TAMS 0x0000000705f00000, 0x0000000705f00000| Untracked 
|  78|0x0000000706000000, 0x0000000706000000, 0x0000000706100000|  0%| F|  |TAMS 0x0000000706000000, 0x0000000706000000| Untracked 
|  79|0x0000000706100000, 0x0000000706100000, 0x0000000706200000|  0%| F|  |TAMS 0x0000000706100000, 0x0000000706100000| Untracked 
|  80|0x0000000706200000, 0x0000000706200000, 0x0000000706300000|  0%| F|  |TAMS 0x0000000706200000, 0x0000000706200000| Untracked 
|  81|0x0000000706300000, 0x0000000706300000, 0x0000000706400000|  0%| F|  |TAMS 0x0000000706300000, 0x0000000706300000| Untracked 
|  82|0x0000000706400000, 0x0000000706400000, 0x0000000706500000|  0%| F|  |TAMS 0x0000000706400000, 0x0000000706400000| Untracked 
|  83|0x0000000706500000, 0x0000000706500000, 0x0000000706600000|  0%| F|  |TAMS 0x0000000706500000, 0x0000000706500000| Untracked 
|  84|0x0000000706600000, 0x0000000706600000, 0x0000000706700000|  0%| F|  |TAMS 0x0000000706600000, 0x0000000706600000| Untracked 
|  85|0x0000000706700000, 0x0000000706700000, 0x0000000706800000|  0%| F|  |TAMS 0x0000000706700000, 0x0000000706700000| Untracked 
|  86|0x0000000706800000, 0x0000000706800000, 0x0000000706900000|  0%| F|  |TAMS 0x0000000706800000, 0x0000000706800000| Untracked 
|  87|0x0000000706900000, 0x0000000706900000, 0x0000000706a00000|  0%| F|  |TAMS 0x0000000706900000, 0x0000000706900000| Untracked 
|  88|0x0000000706a00000, 0x0000000706a00000, 0x0000000706b00000|  0%| F|  |TAMS 0x0000000706a00000, 0x0000000706a00000| Untracked 
|  89|0x0000000706b00000, 0x0000000706b00000, 0x0000000706c00000|  0%| F|  |TAMS 0x0000000706b00000, 0x0000000706b00000| Untracked 
|  90|0x0000000706c00000, 0x0000000706c00000, 0x0000000706d00000|  0%| F|  |TAMS 0x0000000706c00000, 0x0000000706c00000| Untracked 
|  91|0x0000000706d00000, 0x0000000706d00000, 0x0000000706e00000|  0%| F|  |TAMS 0x0000000706d00000, 0x0000000706d00000| Untracked 
|  92|0x0000000706e00000, 0x0000000706e00000, 0x0000000706f00000|  0%| F|  |TAMS 0x0000000706e00000, 0x0000000706e00000| Untracked 
|  93|0x0000000706f00000, 0x0000000706f00000, 0x0000000707000000|  0%| F|  |TAMS 0x0000000706f00000, 0x0000000706f00000| Untracked 
|  94|0x0000000707000000, 0x0000000707000000, 0x0000000707100000|  0%| F|  |TAMS 0x0000000707000000, 0x0000000707000000| Untracked 
|  95|0x0000000707100000, 0x0000000707100000, 0x0000000707200000|  0%| F|  |TAMS 0x0000000707100000, 0x0000000707100000| Untracked 
|  96|0x0000000707200000, 0x0000000707200000, 0x0000000707300000|  0%| F|  |TAMS 0x0000000707200000, 0x0000000707200000| Untracked 
|  97|0x0000000707300000, 0x0000000707300000, 0x0000000707400000|  0%| F|  |TAMS 0x0000000707300000, 0x0000000707300000| Untracked 
|  98|0x0000000707400000, 0x0000000707400000, 0x0000000707500000|  0%| F|  |TAMS 0x0000000707400000, 0x0000000707400000| Untracked 
|  99|0x0000000707500000, 0x0000000707500000, 0x0000000707600000|  0%| F|  |TAMS 0x0000000707500000, 0x0000000707500000| Untracked 
| 100|0x0000000707600000, 0x0000000707600000, 0x0000000707700000|  0%| F|  |TAMS 0x0000000707600000, 0x0000000707600000| Untracked 
| 101|0x0000000707700000, 0x0000000707700000, 0x0000000707800000|  0%| F|  |TAMS 0x0000000707700000, 0x0000000707700000| Untracked 
| 102|0x0000000707800000, 0x0000000707800000, 0x0000000707900000|  0%| F|  |TAMS 0x0000000707800000, 0x0000000707800000| Untracked 
| 103|0x0000000707900000, 0x0000000707900000, 0x0000000707a00000|  0%| F|  |TAMS 0x0000000707900000, 0x0000000707900000| Untracked 
| 104|0x0000000707a00000, 0x0000000707a00000, 0x0000000707b00000|  0%| F|  |TAMS 0x0000000707a00000, 0x0000000707a00000| Untracked 
| 105|0x0000000707b00000, 0x0000000707b00000, 0x0000000707c00000|  0%| F|  |TAMS 0x0000000707b00000, 0x0000000707b00000| Untracked 
| 106|0x0000000707c00000, 0x0000000707c00000, 0x0000000707d00000|  0%| F|  |TAMS 0x0000000707c00000, 0x0000000707c00000| Untracked 
| 107|0x0000000707d00000, 0x0000000707d00000, 0x0000000707e00000|  0%| F|  |TAMS 0x0000000707d00000, 0x0000000707d00000| Untracked 
| 108|0x0000000707e00000, 0x0000000707e00000, 0x0000000707f00000|  0%| F|  |TAMS 0x0000000707e00000, 0x0000000707e00000| Untracked 
| 109|0x0000000707f00000, 0x0000000707f00000, 0x0000000708000000|  0%| F|  |TAMS 0x0000000707f00000, 0x0000000707f00000| Untracked 
| 110|0x0000000708000000, 0x0000000708000000, 0x0000000708100000|  0%| F|  |TAMS 0x0000000708000000, 0x0000000708000000| Untracked 
| 111|0x0000000708100000, 0x0000000708100000, 0x0000000708200000|  0%| F|  |TAMS 0x0000000708100000, 0x0000000708100000| Untracked 
| 112|0x0000000708200000, 0x0000000708200000, 0x0000000708300000|  0%| F|  |TAMS 0x0000000708200000, 0x0000000708200000| Untracked 
| 113|0x0000000708300000, 0x0000000708300000, 0x0000000708400000|  0%| F|  |TAMS 0x0000000708300000, 0x0000000708300000| Untracked 
| 114|0x0000000708400000, 0x0000000708400000, 0x0000000708500000|  0%| F|  |TAMS 0x0000000708400000, 0x0000000708400000| Untracked 
| 115|0x0000000708500000, 0x0000000708500000, 0x0000000708600000|  0%| F|  |TAMS 0x0000000708500000, 0x0000000708500000| Untracked 
| 116|0x0000000708600000, 0x0000000708600000, 0x0000000708700000|  0%| F|  |TAMS 0x0000000708600000, 0x0000000708600000| Untracked 
| 117|0x0000000708700000, 0x0000000708700000, 0x0000000708800000|  0%| F|  |TAMS 0x0000000708700000, 0x0000000708700000| Untracked 
| 118|0x0000000708800000, 0x0000000708800000, 0x0000000708900000|  0%| F|  |TAMS 0x0000000708800000, 0x0000000708800000| Untracked 
| 119|0x0000000708900000, 0x0000000708900000, 0x0000000708a00000|  0%| F|  |TAMS 0x0000000708900000, 0x0000000708900000| Untracked 
| 120|0x0000000708a00000, 0x0000000708a00000, 0x0000000708b00000|  0%| F|  |TAMS 0x0000000708a00000, 0x0000000708a00000| Untracked 
| 121|0x0000000708b00000, 0x0000000708b00000, 0x0000000708c00000|  0%| F|  |TAMS 0x0000000708b00000, 0x0000000708b00000| Untracked 
| 122|0x0000000708c00000, 0x0000000708c00000, 0x0000000708d00000|  0%| F|  |TAMS 0x0000000708c00000, 0x0000000708c00000| Untracked 
| 123|0x0000000708d00000, 0x0000000708d00000, 0x0000000708e00000|  0%| F|  |TAMS 0x0000000708d00000, 0x0000000708d00000| Untracked 
| 124|0x0000000708e00000, 0x0000000708e00000, 0x0000000708f00000|  0%| F|  |TAMS 0x0000000708e00000, 0x0000000708e00000| Untracked 
| 125|0x0000000708f00000, 0x0000000708f00000, 0x0000000709000000|  0%| F|  |TAMS 0x0000000708f00000, 0x0000000708f00000| Untracked 
| 126|0x0000000709000000, 0x0000000709000000, 0x0000000709100000|  0%| F|  |TAMS 0x0000000709000000, 0x0000000709000000| Untracked 
| 127|0x0000000709100000, 0x0000000709100000, 0x0000000709200000|  0%| F|  |TAMS 0x0000000709100000, 0x0000000709100000| Untracked 
| 128|0x0000000709200000, 0x0000000709200000, 0x0000000709300000|  0%| F|  |TAMS 0x0000000709200000, 0x0000000709200000| Untracked 
| 129|0x0000000709300000, 0x0000000709300000, 0x0000000709400000|  0%| F|  |TAMS 0x0000000709300000, 0x0000000709300000| Untracked 
| 130|0x0000000709400000, 0x0000000709400000, 0x0000000709500000|  0%| F|  |TAMS 0x0000000709400000, 0x0000000709400000| Untracked 
| 131|0x0000000709500000, 0x0000000709500000, 0x0000000709600000|  0%| F|  |TAMS 0x0000000709500000, 0x0000000709500000| Untracked 
| 132|0x0000000709600000, 0x0000000709600000, 0x0000000709700000|  0%| F|  |TAMS 0x0000000709600000, 0x0000000709600000| Untracked 
| 133|0x0000000709700000, 0x0000000709700000, 0x0000000709800000|  0%| F|  |TAMS 0x0000000709700000, 0x0000000709700000| Untracked 
| 134|0x0000000709800000, 0x0000000709800000, 0x0000000709900000|  0%| F|  |TAMS 0x0000000709800000, 0x0000000709800000| Untracked 
| 135|0x0000000709900000, 0x0000000709900000, 0x0000000709a00000|  0%| F|  |TAMS 0x0000000709900000, 0x0000000709900000| Untracked 
| 136|0x0000000709a00000, 0x0000000709a00000, 0x0000000709b00000|  0%| F|  |TAMS 0x0000000709a00000, 0x0000000709a00000| Untracked 
| 137|0x0000000709b00000, 0x0000000709b00000, 0x0000000709c00000|  0%| F|  |TAMS 0x0000000709b00000, 0x0000000709b00000| Untracked 
| 138|0x0000000709c00000, 0x0000000709c00000, 0x0000000709d00000|  0%| F|  |TAMS 0x0000000709c00000, 0x0000000709c00000| Untracked 
| 139|0x0000000709d00000, 0x0000000709d00000, 0x0000000709e00000|  0%| F|  |TAMS 0x0000000709d00000, 0x0000000709d00000| Untracked 
| 140|0x0000000709e00000, 0x0000000709e00000, 0x0000000709f00000|  0%| F|  |TAMS 0x0000000709e00000, 0x0000000709e00000| Untracked 
| 141|0x0000000709f00000, 0x0000000709f00000, 0x000000070a000000|  0%| F|  |TAMS 0x0000000709f00000, 0x0000000709f00000| Untracked 
| 142|0x000000070a000000, 0x000000070a000000, 0x000000070a100000|  0%| F|  |TAMS 0x000000070a000000, 0x000000070a000000| Untracked 
| 143|0x000000070a100000, 0x000000070a100000, 0x000000070a200000|  0%| F|  |TAMS 0x000000070a100000, 0x000000070a100000| Untracked 
| 144|0x000000070a200000, 0x000000070a200000, 0x000000070a300000|  0%| F|  |TAMS 0x000000070a200000, 0x000000070a200000| Untracked 
| 145|0x000000070a300000, 0x000000070a300000, 0x000000070a400000|  0%| F|  |TAMS 0x000000070a300000, 0x000000070a300000| Untracked 
| 146|0x000000070a400000, 0x000000070a400000, 0x000000070a500000|  0%| F|  |TAMS 0x000000070a400000, 0x000000070a400000| Untracked 
| 147|0x000000070a500000, 0x000000070a500000, 0x000000070a600000|  0%| F|  |TAMS 0x000000070a500000, 0x000000070a500000| Untracked 
| 148|0x000000070a600000, 0x000000070a600000, 0x000000070a700000|  0%| F|  |TAMS 0x000000070a600000, 0x000000070a600000| Untracked 
| 149|0x000000070a700000, 0x000000070a700000, 0x000000070a800000|  0%| F|  |TAMS 0x000000070a700000, 0x000000070a700000| Untracked 
| 150|0x000000070a800000, 0x000000070a800000, 0x000000070a900000|  0%| F|  |TAMS 0x000000070a800000, 0x000000070a800000| Untracked 
| 151|0x000000070a900000, 0x000000070a900000, 0x000000070aa00000|  0%| F|  |TAMS 0x000000070a900000, 0x000000070a900000| Untracked 
| 152|0x000000070aa00000, 0x000000070aa00000, 0x000000070ab00000|  0%| F|  |TAMS 0x000000070aa00000, 0x000000070aa00000| Untracked 
| 153|0x000000070ab00000, 0x000000070ab00000, 0x000000070ac00000|  0%| F|  |TAMS 0x000000070ab00000, 0x000000070ab00000| Untracked 
| 154|0x000000070ac00000, 0x000000070ac00000, 0x000000070ad00000|  0%| F|  |TAMS 0x000000070ac00000, 0x000000070ac00000| Untracked 
| 155|0x000000070ad00000, 0x000000070ad00000, 0x000000070ae00000|  0%| F|  |TAMS 0x000000070ad00000, 0x000000070ad00000| Untracked 
| 156|0x000000070ae00000, 0x000000070ae00000, 0x000000070af00000|  0%| F|  |TAMS 0x000000070ae00000, 0x000000070ae00000| Untracked 
| 157|0x000000070af00000, 0x000000070af00000, 0x000000070b000000|  0%| F|  |TAMS 0x000000070af00000, 0x000000070af00000| Untracked 
| 158|0x000000070b000000, 0x000000070b000000, 0x000000070b100000|  0%| F|  |TAMS 0x000000070b000000, 0x000000070b000000| Untracked 
| 159|0x000000070b100000, 0x000000070b100000, 0x000000070b200000|  0%| F|  |TAMS 0x000000070b100000, 0x000000070b100000| Untracked 
| 160|0x000000070b200000, 0x000000070b200000, 0x000000070b300000|  0%| F|  |TAMS 0x000000070b200000, 0x000000070b200000| Untracked 
| 161|0x000000070b300000, 0x000000070b300000, 0x000000070b400000|  0%| F|  |TAMS 0x000000070b300000, 0x000000070b300000| Untracked 
| 162|0x000000070b400000, 0x000000070b400000, 0x000000070b500000|  0%| F|  |TAMS 0x000000070b400000, 0x000000070b400000| Untracked 
| 163|0x000000070b500000, 0x000000070b500000, 0x000000070b600000|  0%| F|  |TAMS 0x000000070b500000, 0x000000070b500000| Untracked 
| 164|0x000000070b600000, 0x000000070b600000, 0x000000070b700000|  0%| F|  |TAMS 0x000000070b600000, 0x000000070b600000| Untracked 
| 165|0x000000070b700000, 0x000000070b700000, 0x000000070b800000|  0%| F|  |TAMS 0x000000070b700000, 0x000000070b700000| Untracked 
| 166|0x000000070b800000, 0x000000070b800000, 0x000000070b900000|  0%| F|  |TAMS 0x000000070b800000, 0x000000070b800000| Untracked 
| 167|0x000000070b900000, 0x000000070b900000, 0x000000070ba00000|  0%| F|  |TAMS 0x000000070b900000, 0x000000070b900000| Untracked 
| 168|0x000000070ba00000, 0x000000070ba00000, 0x000000070bb00000|  0%| F|  |TAMS 0x000000070ba00000, 0x000000070ba00000| Untracked 
| 169|0x000000070bb00000, 0x000000070bb00000, 0x000000070bc00000|  0%| F|  |TAMS 0x000000070bb00000, 0x000000070bb00000| Untracked 
| 170|0x000000070bc00000, 0x000000070bc00000, 0x000000070bd00000|  0%| F|  |TAMS 0x000000070bc00000, 0x000000070bc00000| Untracked 
| 171|0x000000070bd00000, 0x000000070bd00000, 0x000000070be00000|  0%| F|  |TAMS 0x000000070bd00000, 0x000000070bd00000| Untracked 
| 172|0x000000070be00000, 0x000000070be00000, 0x000000070bf00000|  0%| F|  |TAMS 0x000000070be00000, 0x000000070be00000| Untracked 
| 173|0x000000070bf00000, 0x000000070bf00000, 0x000000070c000000|  0%| F|  |TAMS 0x000000070bf00000, 0x000000070bf00000| Untracked 
| 174|0x000000070c000000, 0x000000070c000000, 0x000000070c100000|  0%| F|  |TAMS 0x000000070c000000, 0x000000070c000000| Untracked 
| 175|0x000000070c100000, 0x000000070c100000, 0x000000070c200000|  0%| F|  |TAMS 0x000000070c100000, 0x000000070c100000| Untracked 
| 176|0x000000070c200000, 0x000000070c200000, 0x000000070c300000|  0%| F|  |TAMS 0x000000070c200000, 0x000000070c200000| Untracked 
| 177|0x000000070c300000, 0x000000070c300000, 0x000000070c400000|  0%| F|  |TAMS 0x000000070c300000, 0x000000070c300000| Untracked 
| 178|0x000000070c400000, 0x000000070c400000, 0x000000070c500000|  0%| F|  |TAMS 0x000000070c400000, 0x000000070c400000| Untracked 
| 179|0x000000070c500000, 0x000000070c500000, 0x000000070c600000|  0%| F|  |TAMS 0x000000070c500000, 0x000000070c500000| Untracked 
| 180|0x000000070c600000, 0x000000070c600000, 0x000000070c700000|  0%| F|  |TAMS 0x000000070c600000, 0x000000070c600000| Untracked 
| 181|0x000000070c700000, 0x000000070c700000, 0x000000070c800000|  0%| F|  |TAMS 0x000000070c700000, 0x000000070c700000| Untracked 
| 182|0x000000070c800000, 0x000000070c800000, 0x000000070c900000|  0%| F|  |TAMS 0x000000070c800000, 0x000000070c800000| Untracked 
| 183|0x000000070c900000, 0x000000070c900000, 0x000000070ca00000|  0%| F|  |TAMS 0x000000070c900000, 0x000000070c900000| Untracked 
| 184|0x000000070ca00000, 0x000000070ca00000, 0x000000070cb00000|  0%| F|  |TAMS 0x000000070ca00000, 0x000000070ca00000| Untracked 
| 185|0x000000070cb00000, 0x000000070cb00000, 0x000000070cc00000|  0%| F|  |TAMS 0x000000070cb00000, 0x000000070cb00000| Untracked 
| 186|0x000000070cc00000, 0x000000070cc00000, 0x000000070cd00000|  0%| F|  |TAMS 0x000000070cc00000, 0x000000070cc00000| Untracked 
| 187|0x000000070cd00000, 0x000000070cd00000, 0x000000070ce00000|  0%| F|  |TAMS 0x000000070cd00000, 0x000000070cd00000| Untracked 
| 188|0x000000070ce00000, 0x000000070ce00000, 0x000000070cf00000|  0%| F|  |TAMS 0x000000070ce00000, 0x000000070ce00000| Untracked 
| 189|0x000000070cf00000, 0x000000070cf00000, 0x000000070d000000|  0%| F|  |TAMS 0x000000070cf00000, 0x000000070cf00000| Untracked 
| 190|0x000000070d000000, 0x000000070d000000, 0x000000070d100000|  0%| F|  |TAMS 0x000000070d000000, 0x000000070d000000| Untracked 
| 191|0x000000070d100000, 0x000000070d100000, 0x000000070d200000|  0%| F|  |TAMS 0x000000070d100000, 0x000000070d100000| Untracked 
| 192|0x000000070d200000, 0x000000070d200000, 0x000000070d300000|  0%| F|  |TAMS 0x000000070d200000, 0x000000070d200000| Untracked 
| 193|0x000000070d300000, 0x000000070d300000, 0x000000070d400000|  0%| F|  |TAMS 0x000000070d300000, 0x000000070d300000| Untracked 
| 194|0x000000070d400000, 0x000000070d400000, 0x000000070d500000|  0%| F|  |TAMS 0x000000070d400000, 0x000000070d400000| Untracked 
| 195|0x000000070d500000, 0x000000070d500000, 0x000000070d600000|  0%| F|  |TAMS 0x000000070d500000, 0x000000070d500000| Untracked 
| 196|0x000000070d600000, 0x000000070d600000, 0x000000070d700000|  0%| F|  |TAMS 0x000000070d600000, 0x000000070d600000| Untracked 
| 197|0x000000070d700000, 0x000000070d700000, 0x000000070d800000|  0%| F|  |TAMS 0x000000070d700000, 0x000000070d700000| Untracked 
| 198|0x000000070d800000, 0x000000070d800000, 0x000000070d900000|  0%| F|  |TAMS 0x000000070d800000, 0x000000070d800000| Untracked 
| 199|0x000000070d900000, 0x000000070d900000, 0x000000070da00000|  0%| F|  |TAMS 0x000000070d900000, 0x000000070d900000| Untracked 
| 200|0x000000070da00000, 0x000000070da00000, 0x000000070db00000|  0%| F|  |TAMS 0x000000070da00000, 0x000000070da00000| Untracked 
| 201|0x000000070db00000, 0x000000070db00000, 0x000000070dc00000|  0%| F|  |TAMS 0x000000070db00000, 0x000000070db00000| Untracked 
| 202|0x000000070dc00000, 0x000000070dc00000, 0x000000070dd00000|  0%| F|  |TAMS 0x000000070dc00000, 0x000000070dc00000| Untracked 
| 203|0x000000070dd00000, 0x000000070dd00000, 0x000000070de00000|  0%| F|  |TAMS 0x000000070dd00000, 0x000000070dd00000| Untracked 
| 204|0x000000070de00000, 0x000000070de00000, 0x000000070df00000|  0%| F|  |TAMS 0x000000070de00000, 0x000000070de00000| Untracked 
| 205|0x000000070df00000, 0x000000070df00000, 0x000000070e000000|  0%| F|  |TAMS 0x000000070df00000, 0x000000070df00000| Untracked 
| 206|0x000000070e000000, 0x000000070e000000, 0x000000070e100000|  0%| F|  |TAMS 0x000000070e000000, 0x000000070e000000| Untracked 
| 207|0x000000070e100000, 0x000000070e100000, 0x000000070e200000|  0%| F|  |TAMS 0x000000070e100000, 0x000000070e100000| Untracked 
| 208|0x000000070e200000, 0x000000070e200000, 0x000000070e300000|  0%| F|  |TAMS 0x000000070e200000, 0x000000070e200000| Untracked 
| 209|0x000000070e300000, 0x000000070e300000, 0x000000070e400000|  0%| F|  |TAMS 0x000000070e300000, 0x000000070e300000| Untracked 
| 210|0x000000070e400000, 0x000000070e400000, 0x000000070e500000|  0%| F|  |TAMS 0x000000070e400000, 0x000000070e400000| Untracked 
| 211|0x000000070e500000, 0x000000070e500000, 0x000000070e600000|  0%| F|  |TAMS 0x000000070e500000, 0x000000070e500000| Untracked 
| 212|0x000000070e600000, 0x000000070e600000, 0x000000070e700000|  0%| F|  |TAMS 0x000000070e600000, 0x000000070e600000| Untracked 
| 213|0x000000070e700000, 0x000000070e700000, 0x000000070e800000|  0%| F|  |TAMS 0x000000070e700000, 0x000000070e700000| Untracked 
| 214|0x000000070e800000, 0x000000070e800000, 0x000000070e900000|  0%| F|  |TAMS 0x000000070e800000, 0x000000070e800000| Untracked 
| 215|0x000000070e900000, 0x000000070e900000, 0x000000070ea00000|  0%| F|  |TAMS 0x000000070e900000, 0x000000070e900000| Untracked 
| 216|0x000000070ea00000, 0x000000070ea00000, 0x000000070eb00000|  0%| F|  |TAMS 0x000000070ea00000, 0x000000070ea00000| Untracked 
| 217|0x000000070eb00000, 0x000000070eb00000, 0x000000070ec00000|  0%| F|  |TAMS 0x000000070eb00000, 0x000000070eb00000| Untracked 
| 218|0x000000070ec00000, 0x000000070ec00000, 0x000000070ed00000|  0%| F|  |TAMS 0x000000070ec00000, 0x000000070ec00000| Untracked 
| 219|0x000000070ed00000, 0x000000070ed00000, 0x000000070ee00000|  0%| F|  |TAMS 0x000000070ed00000, 0x000000070ed00000| Untracked 
| 220|0x000000070ee00000, 0x000000070ee00000, 0x000000070ef00000|  0%| F|  |TAMS 0x000000070ee00000, 0x000000070ee00000| Untracked 
| 221|0x000000070ef00000, 0x000000070ef00000, 0x000000070f000000|  0%| F|  |TAMS 0x000000070ef00000, 0x000000070ef00000| Untracked 
| 222|0x000000070f000000, 0x000000070f000000, 0x000000070f100000|  0%| F|  |TAMS 0x000000070f000000, 0x000000070f000000| Untracked 
| 223|0x000000070f100000, 0x000000070f100000, 0x000000070f200000|  0%| F|  |TAMS 0x000000070f100000, 0x000000070f100000| Untracked 
| 224|0x000000070f200000, 0x000000070f200000, 0x000000070f300000|  0%| F|  |TAMS 0x000000070f200000, 0x000000070f200000| Untracked 
| 225|0x000000070f300000, 0x000000070f300000, 0x000000070f400000|  0%| F|  |TAMS 0x000000070f300000, 0x000000070f300000| Untracked 
| 226|0x000000070f400000, 0x000000070f400000, 0x000000070f500000|  0%| F|  |TAMS 0x000000070f400000, 0x000000070f400000| Untracked 
| 227|0x000000070f500000, 0x000000070f500000, 0x000000070f600000|  0%| F|  |TAMS 0x000000070f500000, 0x000000070f500000| Untracked 
| 228|0x000000070f600000, 0x000000070f600000, 0x000000070f700000|  0%| F|  |TAMS 0x000000070f600000, 0x000000070f600000| Untracked 
| 229|0x000000070f700000, 0x000000070f700000, 0x000000070f800000|  0%| F|  |TAMS 0x000000070f700000, 0x000000070f700000| Untracked 
| 230|0x000000070f800000, 0x000000070f800000, 0x000000070f900000|  0%| F|  |TAMS 0x000000070f800000, 0x000000070f800000| Untracked 
| 231|0x000000070f900000, 0x000000070f900000, 0x000000070fa00000|  0%| F|  |TAMS 0x000000070f900000, 0x000000070f900000| Untracked 
| 232|0x000000070fa00000, 0x000000070fa00000, 0x000000070fb00000|  0%| F|  |TAMS 0x000000070fa00000, 0x000000070fa00000| Untracked 
| 233|0x000000070fb00000, 0x000000070fb00000, 0x000000070fc00000|  0%| F|  |TAMS 0x000000070fb00000, 0x000000070fb00000| Untracked 
| 234|0x000000070fc00000, 0x000000070fc00000, 0x000000070fd00000|  0%| F|  |TAMS 0x000000070fc00000, 0x000000070fc00000| Untracked 
| 235|0x000000070fd00000, 0x000000070fd00000, 0x000000070fe00000|  0%| F|  |TAMS 0x000000070fd00000, 0x000000070fd00000| Untracked 
| 236|0x000000070fe00000, 0x000000070fe00000, 0x000000070ff00000|  0%| F|  |TAMS 0x000000070fe00000, 0x000000070fe00000| Untracked 
| 237|0x000000070ff00000, 0x000000070ff00000, 0x0000000710000000|  0%| F|  |TAMS 0x000000070ff00000, 0x000000070ff00000| Untracked 
| 238|0x0000000710000000, 0x0000000710000000, 0x0000000710100000|  0%| F|  |TAMS 0x0000000710000000, 0x0000000710000000| Untracked 
| 239|0x0000000710100000, 0x0000000710100000, 0x0000000710200000|  0%| F|  |TAMS 0x0000000710100000, 0x0000000710100000| Untracked 
| 240|0x0000000710200000, 0x0000000710200000, 0x0000000710300000|  0%| F|  |TAMS 0x0000000710200000, 0x0000000710200000| Untracked 
| 241|0x0000000710300000, 0x0000000710300000, 0x0000000710400000|  0%| F|  |TAMS 0x0000000710300000, 0x0000000710300000| Untracked 
| 242|0x0000000710400000, 0x0000000710400000, 0x0000000710500000|  0%| F|  |TAMS 0x0000000710400000, 0x0000000710400000| Untracked 
| 243|0x0000000710500000, 0x0000000710500000, 0x0000000710600000|  0%| F|  |TAMS 0x0000000710500000, 0x0000000710500000| Untracked 
| 244|0x0000000710600000, 0x0000000710600000, 0x0000000710700000|  0%| F|  |TAMS 0x0000000710600000, 0x0000000710600000| Untracked 
| 245|0x0000000710700000, 0x0000000710700000, 0x0000000710800000|  0%| F|  |TAMS 0x0000000710700000, 0x0000000710700000| Untracked 
| 246|0x0000000710800000, 0x0000000710800000, 0x0000000710900000|  0%| F|  |TAMS 0x0000000710800000, 0x0000000710800000| Untracked 
| 247|0x0000000710900000, 0x0000000710900000, 0x0000000710a00000|  0%| F|  |TAMS 0x0000000710900000, 0x0000000710900000| Untracked 
| 248|0x0000000710a00000, 0x0000000710a00000, 0x0000000710b00000|  0%| F|  |TAMS 0x0000000710a00000, 0x0000000710a00000| Untracked 
| 249|0x0000000710b00000, 0x0000000710b00000, 0x0000000710c00000|  0%| F|  |TAMS 0x0000000710b00000, 0x0000000710b00000| Untracked 
| 250|0x0000000710c00000, 0x0000000710c00000, 0x0000000710d00000|  0%| F|  |TAMS 0x0000000710c00000, 0x0000000710c00000| Untracked 
| 251|0x0000000710d00000, 0x0000000710d00000, 0x0000000710e00000|  0%| F|  |TAMS 0x0000000710d00000, 0x0000000710d00000| Untracked 
| 252|0x0000000710e00000, 0x0000000710e00000, 0x0000000710f00000|  0%| F|  |TAMS 0x0000000710e00000, 0x0000000710e00000| Untracked 
| 253|0x0000000710f00000, 0x0000000710f00000, 0x0000000711000000|  0%| F|  |TAMS 0x0000000710f00000, 0x0000000710f00000| Untracked 
| 254|0x0000000711000000, 0x0000000711000000, 0x0000000711100000|  0%| F|  |TAMS 0x0000000711000000, 0x0000000711000000| Untracked 
| 255|0x0000000711100000, 0x0000000711100000, 0x0000000711200000|  0%| F|  |TAMS 0x0000000711100000, 0x0000000711100000| Untracked 
| 256|0x0000000711200000, 0x0000000711200000, 0x0000000711300000|  0%| F|  |TAMS 0x0000000711200000, 0x0000000711200000| Untracked 
| 257|0x0000000711300000, 0x0000000711300000, 0x0000000711400000|  0%| F|  |TAMS 0x0000000711300000, 0x0000000711300000| Untracked 
| 258|0x0000000711400000, 0x0000000711400000, 0x0000000711500000|  0%| F|  |TAMS 0x0000000711400000, 0x0000000711400000| Untracked 
| 259|0x0000000711500000, 0x0000000711500000, 0x0000000711600000|  0%| F|  |TAMS 0x0000000711500000, 0x0000000711500000| Untracked 
| 260|0x0000000711600000, 0x0000000711600000, 0x0000000711700000|  0%| F|  |TAMS 0x0000000711600000, 0x0000000711600000| Untracked 
| 261|0x0000000711700000, 0x0000000711700000, 0x0000000711800000|  0%| F|  |TAMS 0x0000000711700000, 0x0000000711700000| Untracked 
| 262|0x0000000711800000, 0x0000000711800000, 0x0000000711900000|  0%| F|  |TAMS 0x0000000711800000, 0x0000000711800000| Untracked 
| 263|0x0000000711900000, 0x0000000711900000, 0x0000000711a00000|  0%| F|  |TAMS 0x0000000711900000, 0x0000000711900000| Untracked 
| 264|0x0000000711a00000, 0x0000000711a80000, 0x0000000711b00000| 50%| S|CS|TAMS 0x0000000711a00000, 0x0000000711a00000| Complete 
| 265|0x0000000711b00000, 0x0000000711c00000, 0x0000000711c00000|100%| S|CS|TAMS 0x0000000711b00000, 0x0000000711b00000| Complete 
| 266|0x0000000711c00000, 0x0000000711d00000, 0x0000000711d00000|100%| S|CS|TAMS 0x0000000711c00000, 0x0000000711c00000| Complete 
| 267|0x0000000711d00000, 0x0000000711e00000, 0x0000000711e00000|100%| S|CS|TAMS 0x0000000711d00000, 0x0000000711d00000| Complete 
| 268|0x0000000711e00000, 0x0000000711f00000, 0x0000000711f00000|100%| S|CS|TAMS 0x0000000711e00000, 0x0000000711e00000| Complete 
| 269|0x0000000711f00000, 0x0000000712000000, 0x0000000712000000|100%| S|CS|TAMS 0x0000000711f00000, 0x0000000711f00000| Complete 
| 270|0x0000000712000000, 0x0000000712100000, 0x0000000712100000|100%| S|CS|TAMS 0x0000000712000000, 0x0000000712000000| Complete 
| 271|0x0000000712100000, 0x0000000712200000, 0x0000000712200000|100%| S|CS|TAMS 0x0000000712100000, 0x0000000712100000| Complete 
| 272|0x0000000712200000, 0x0000000712300000, 0x0000000712300000|100%| S|CS|TAMS 0x0000000712200000, 0x0000000712200000| Complete 
| 273|0x0000000712300000, 0x0000000712400000, 0x0000000712400000|100%| S|CS|TAMS 0x0000000712300000, 0x0000000712300000| Complete 
| 274|0x0000000712400000, 0x0000000712500000, 0x0000000712500000|100%| S|CS|TAMS 0x0000000712400000, 0x0000000712400000| Complete 
| 275|0x0000000712500000, 0x0000000712600000, 0x0000000712600000|100%| S|CS|TAMS 0x0000000712500000, 0x0000000712500000| Complete 
| 276|0x0000000712600000, 0x0000000712600000, 0x0000000712700000|  0%| F|  |TAMS 0x0000000712600000, 0x0000000712600000| Untracked 
| 277|0x0000000712700000, 0x0000000712700000, 0x0000000712800000|  0%| F|  |TAMS 0x0000000712700000, 0x0000000712700000| Untracked 
| 278|0x0000000712800000, 0x0000000712800000, 0x0000000712900000|  0%| F|  |TAMS 0x0000000712800000, 0x0000000712800000| Untracked 
| 279|0x0000000712900000, 0x0000000712900000, 0x0000000712a00000|  0%| F|  |TAMS 0x0000000712900000, 0x0000000712900000| Untracked 
| 280|0x0000000712a00000, 0x0000000712a00000, 0x0000000712b00000|  0%| F|  |TAMS 0x0000000712a00000, 0x0000000712a00000| Untracked 
| 281|0x0000000712b00000, 0x0000000712b00000, 0x0000000712c00000|  0%| F|  |TAMS 0x0000000712b00000, 0x0000000712b00000| Untracked 
| 282|0x0000000712c00000, 0x0000000712c00000, 0x0000000712d00000|  0%| F|  |TAMS 0x0000000712c00000, 0x0000000712c00000| Untracked 
| 283|0x0000000712d00000, 0x0000000712d00000, 0x0000000712e00000|  0%| F|  |TAMS 0x0000000712d00000, 0x0000000712d00000| Untracked 
| 284|0x0000000712e00000, 0x0000000712e00000, 0x0000000712f00000|  0%| F|  |TAMS 0x0000000712e00000, 0x0000000712e00000| Untracked 
| 285|0x0000000712f00000, 0x0000000712f00000, 0x0000000713000000|  0%| F|  |TAMS 0x0000000712f00000, 0x0000000712f00000| Untracked 
| 286|0x0000000713000000, 0x0000000713000000, 0x0000000713100000|  0%| F|  |TAMS 0x0000000713000000, 0x0000000713000000| Untracked 
| 287|0x0000000713100000, 0x0000000713100000, 0x0000000713200000|  0%| F|  |TAMS 0x0000000713100000, 0x0000000713100000| Untracked 
| 288|0x0000000713200000, 0x0000000713200000, 0x0000000713300000|  0%| F|  |TAMS 0x0000000713200000, 0x0000000713200000| Untracked 
| 289|0x0000000713300000, 0x0000000713300000, 0x0000000713400000|  0%| F|  |TAMS 0x0000000713300000, 0x0000000713300000| Untracked 
| 290|0x0000000713400000, 0x0000000713400000, 0x0000000713500000|  0%| F|  |TAMS 0x0000000713400000, 0x0000000713400000| Untracked 
| 291|0x0000000713500000, 0x0000000713500000, 0x0000000713600000|  0%| F|  |TAMS 0x0000000713500000, 0x0000000713500000| Untracked 
| 292|0x0000000713600000, 0x0000000713600000, 0x0000000713700000|  0%| F|  |TAMS 0x0000000713600000, 0x0000000713600000| Untracked 
| 293|0x0000000713700000, 0x0000000713700000, 0x0000000713800000|  0%| F|  |TAMS 0x0000000713700000, 0x0000000713700000| Untracked 
| 294|0x0000000713800000, 0x0000000713800000, 0x0000000713900000|  0%| F|  |TAMS 0x0000000713800000, 0x0000000713800000| Untracked 
| 295|0x0000000713900000, 0x0000000713900000, 0x0000000713a00000|  0%| F|  |TAMS 0x0000000713900000, 0x0000000713900000| Untracked 
| 296|0x0000000713a00000, 0x0000000713a00000, 0x0000000713b00000|  0%| F|  |TAMS 0x0000000713a00000, 0x0000000713a00000| Untracked 
| 297|0x0000000713b00000, 0x0000000713b00000, 0x0000000713c00000|  0%| F|  |TAMS 0x0000000713b00000, 0x0000000713b00000| Untracked 
| 298|0x0000000713c00000, 0x0000000713c00000, 0x0000000713d00000|  0%| F|  |TAMS 0x0000000713c00000, 0x0000000713c00000| Untracked 
| 299|0x0000000713d00000, 0x0000000713d00000, 0x0000000713e00000|  0%| F|  |TAMS 0x0000000713d00000, 0x0000000713d00000| Untracked 
| 300|0x0000000713e00000, 0x0000000713e00000, 0x0000000713f00000|  0%| F|  |TAMS 0x0000000713e00000, 0x0000000713e00000| Untracked 
| 301|0x0000000713f00000, 0x0000000713f00000, 0x0000000714000000|  0%| F|  |TAMS 0x0000000713f00000, 0x0000000713f00000| Untracked 
| 302|0x0000000714000000, 0x0000000714000000, 0x0000000714100000|  0%| F|  |TAMS 0x0000000714000000, 0x0000000714000000| Untracked 
| 303|0x0000000714100000, 0x0000000714100000, 0x0000000714200000|  0%| F|  |TAMS 0x0000000714100000, 0x0000000714100000| Untracked 
| 304|0x0000000714200000, 0x0000000714200000, 0x0000000714300000|  0%| F|  |TAMS 0x0000000714200000, 0x0000000714200000| Untracked 
| 305|0x0000000714300000, 0x0000000714300000, 0x0000000714400000|  0%| F|  |TAMS 0x0000000714300000, 0x0000000714300000| Untracked 
| 306|0x0000000714400000, 0x0000000714400000, 0x0000000714500000|  0%| F|  |TAMS 0x0000000714400000, 0x0000000714400000| Untracked 
| 307|0x0000000714500000, 0x0000000714500000, 0x0000000714600000|  0%| F|  |TAMS 0x0000000714500000, 0x0000000714500000| Untracked 

Card table byte_map: [0x000002325b0e0000,0x000002325b8e0000] _byte_map_base: 0x00000232578d7000

Marking Bits (Prev, Next): (CMBitMap*) 0x0000023247a9ed98, (CMBitMap*) 0x0000023247a9edd0
 Prev Bits: [0x000002325c0e0000, 0x0000023260098000)
 Next Bits: [0x00000232600a0000, 0x0000023264058000)

Polling page: 0x0000023245840000

Metaspace:

Usage:
  Non-class:     50.25 MB capacity,    48.91 MB ( 97%) used,     1.08 MB (  2%) free+waste,   271.06 KB ( <1%) overhead. 
      Class:      8.67 MB capacity,     7.79 MB ( 90%) used,   768.43 KB (  9%) free+waste,   132.69 KB (  1%) overhead. 
       Both:     58.92 MB capacity,    56.69 MB ( 96%) used,     1.83 MB (  3%) free+waste,   403.75 KB ( <1%) overhead. 

Virtual space:
  Non-class space:       52.00 MB reserved,      50.30 MB ( 97%) committed 
      Class space:        1.00 GB reserved,       8.70 MB ( <1%) committed 
             Both:        1.05 GB reserved,      59.00 MB (  5%) committed 

Chunk freelists:
   Non-Class:  17.00 KB
       Class:  22.00 KB
        Both:  39.00 KB

CodeHeap 'non-profiled nmethods': size=238912Kb used=10445Kb max_used=10445Kb free=228466Kb
 bounds [0x000002324bf90000, 0x000002324c9d0000, 0x000002325a8e0000]
CodeHeap 'non-nmethods': size=6848Kb used=1347Kb max_used=1347Kb free=5500Kb
 bounds [0x000002324b8e0000, 0x000002324bb50000, 0x000002324bf90000]
 total_blobs=6469 nmethods=5784 adapters=559
 compilation: enabled
              stopped_count=0, restarted_count=0
 full_count=0

Compilation events (10 events):
Event: 62.685 Thread 0x000002326656b800 5822       1       antlr.CharScanner::LA (35 bytes)
Event: 62.685 Thread 0x000002326656b800 nmethod 5822 0x000002324c9c2110 code [0x000002324c9c2300, 0x000002324c9c2640]
Event: 62.685 Thread 0x000002326656b800 5823       1       antlr.ANTLRStringBuffer::length (5 bytes)
Event: 62.685 Thread 0x000002326656b800 nmethod 5823 0x000002324c9c2910 code [0x000002324c9c2ac0, 0x000002324c9c2bf8]
Event: 62.686 Thread 0x000002326656b800 5824       1       antlr.Token::getType (5 bytes)
Event: 62.686 Thread 0x000002326656b800 nmethod 5824 0x000002324c9c2c90 code [0x000002324c9c2e40, 0x000002324c9c2f78]
Event: 62.713 Thread 0x000002326656b800 5825       1       antlr.BaseAST::getNextSibling (5 bytes)
Event: 62.713 Thread 0x000002326656b800 nmethod 5825 0x000002324c9c3010 code [0x000002324c9c31c0, 0x000002324c9c32f8]
Event: 62.720 Thread 0x000002326656b800 5826       1       antlr.BaseAST::getFirstChild (5 bytes)
Event: 62.720 Thread 0x000002326656b800 nmethod 5826 0x000002324c9c3390 code [0x000002324c9c3540, 0x000002324c9c3678]

GC Heap History (10 events):
Event: 2.382 GC heap after
{Heap after GC invocations=4 (full 0):
 garbage-first heap   total 262144K, used 13053K [0x0000000701200000, 0x0000000800000000)
  region size 1024K, 7 young (7168K), 7 survivors (7168K)
 Metaspace       used 19832K, capacity 20704K, committed 20864K, reserved 1067008K
  class space    used 2718K, capacity 3081K, committed 3200K, reserved 1048576K
}
Event: 2.420 GC heap before
{Heap before GC invocations=4 (full 0):
 garbage-first heap   total 262144K, used 18173K [0x0000000701200000, 0x0000000800000000)
  region size 1024K, 13 young (13312K), 7 survivors (7168K)
 Metaspace       used 20285K, capacity 21120K, committed 21296K, reserved 1067008K
  class space    used 2769K, capacity 3113K, committed 3200K, reserved 1048576K
}
Event: 2.429 GC heap after
{Heap after GC invocations=5 (full 0):
 garbage-first heap   total 315392K, used 12959K [0x0000000701200000, 0x0000000800000000)
  region size 1024K, 7 young (7168K), 7 survivors (7168K)
 Metaspace       used 20285K, capacity 21120K, committed 21296K, reserved 1067008K
  class space    used 2769K, capacity 3113K, committed 3200K, reserved 1048576K
}
Event: 3.460 GC heap before
{Heap before GC invocations=6 (full 0):
 garbage-first heap   total 315392K, used 136863K [0x0000000701200000, 0x0000000800000000)
  region size 1024K, 129 young (132096K), 7 survivors (7168K)
 Metaspace       used 28284K, capacity 29605K, committed 29744K, reserved 1075200K
  class space    used 3896K, capacity 4407K, committed 4480K, reserved 1048576K
}
Event: 3.470 GC heap after
{Heap after GC invocations=7 (full 0):
 garbage-first heap   total 315392K, used 17158K [0x0000000701200000, 0x0000000800000000)
  region size 1024K, 11 young (11264K), 11 survivors (11264K)
 Metaspace       used 28284K, capacity 29605K, committed 29744K, reserved 1075200K
  class space    used 3896K, capacity 4407K, committed 4480K, reserved 1048576K
}
Event: 4.035 GC heap before
{Heap before GC invocations=7 (full 0):
 garbage-first heap   total 315392K, used 70406K [0x0000000701200000, 0x0000000800000000)
  region size 1024K, 65 young (66560K), 11 survivors (11264K)
 Metaspace       used 34465K, capacity 35857K, committed 35920K, reserved 1079296K
  class space    used 4814K, capacity 5361K, committed 5376K, reserved 1048576K
}
Event: 4.053 GC heap after
{Heap after GC invocations=8 (full 0):
 garbage-first heap   total 315392K, used 18748K [0x0000000701200000, 0x0000000800000000)
  region size 1024K, 13 young (13312K), 13 survivors (13312K)
 Metaspace       used 34465K, capacity 35857K, committed 35920K, reserved 1079296K
  class space    used 4814K, capacity 5361K, committed 5376K, reserved 1048576K
}
Event: 6.065 GC heap before
{Heap before GC invocations=9 (full 0):
 garbage-first heap   total 315392K, used 186684K [0x0000000701200000, 0x0000000800000000)
  region size 1024K, 177 young (181248K), 13 survivors (13312K)
 Metaspace       used 53260K, capacity 55533K, committed 55836K, reserved 1097728K
  class space    used 7422K, capacity 8305K, committed 8396K, reserved 1048576K
}
Event: 6.084 GC heap after
{Heap after GC invocations=10 (full 0):
 garbage-first heap   total 315392K, used 26347K [0x0000000701200000, 0x0000000800000000)
  region size 1024K, 19 young (19456K), 19 survivors (19456K)
 Metaspace       used 53260K, capacity 55533K, committed 55836K, reserved 1097728K
  class space    used 7422K, capacity 8305K, committed 8396K, reserved 1048576K
}
Event: 62.723 GC heap before
{Heap before GC invocations=10 (full 0):
 garbage-first heap   total 315392K, used 58091K [0x0000000701200000, 0x0000000800000000)
  region size 1024K, 51 young (52224K), 19 survivors (19456K)
 Metaspace       used 58055K, capacity 60329K, committed 60420K, reserved 1101824K
  class space    used 7972K, capacity 8874K, committed 8908K, reserved 1048576K
}

Deoptimization events (10 events):
Event: 62.718 Thread 0x000002326a054000 DEOPT PACKING pc=0x000002324c163c3c sp=0x0000003994cf9310
Event: 62.718 Thread 0x000002326a054000 DEOPT UNPACKING pc=0x000002324b91d74e sp=0x0000003994cf87c8 mode 1
Event: 62.718 Thread 0x000002326a054000 DEOPT PACKING pc=0x000002324c0f2f7c sp=0x0000003994cf9d90
Event: 62.718 Thread 0x000002326a054000 DEOPT UNPACKING pc=0x000002324b91d74e sp=0x0000003994cf9280 mode 1
Event: 62.718 Thread 0x000002326a054000 DEOPT PACKING pc=0x000002324c1688ac sp=0x0000003994cf9240
Event: 62.718 Thread 0x000002326a054000 DEOPT UNPACKING pc=0x000002324b91d74e sp=0x0000003994cf86d8 mode 1
Event: 62.718 Thread 0x000002326a054000 DEOPT PACKING pc=0x000002324c163c3c sp=0x0000003994cf9310
Event: 62.719 Thread 0x000002326a054000 DEOPT UNPACKING pc=0x000002324b91d74e sp=0x0000003994cf87c8 mode 1
Event: 62.719 Thread 0x000002326a054000 DEOPT PACKING pc=0x000002324c0f2f7c sp=0x0000003994cf9d90
Event: 62.719 Thread 0x000002326a054000 DEOPT UNPACKING pc=0x000002324b91d74e sp=0x0000003994cf9280 mode 1

Classes redefined (0 events):
No events

Internal exceptions (10 events):
Event: 6.029 Thread 0x0000023247a3b000 Exception <a 'java/lang/NoSuchMethodError'{0x0000000709770e98}: 'java.lang.Object java.lang.invoke.DirectMethodHandle$Holder.invokeSpecial(java.lang.Object, java.lang.Object, java.lang.Object, java.lang.Object, int)'> (0x0000000709770e98) thrown at [c:/Bu
Event: 6.029 Thread 0x0000023247a3b000 Exception <a 'java/lang/NoSuchMethodError'{0x0000000709773f00}: 'java.lang.Object java.lang.invoke.Invokers$Holder.linkToTargetMethod(java.lang.Object, java.lang.Object, int, java.lang.Object)'> (0x0000000709773f00) thrown at [c:/BuildAgent/work/5ff2f6c26
Event: 6.030 Thread 0x0000023247a3b000 Exception <a 'java/lang/NoSuchMethodError'{0x000000070977a2f0}: 'java.lang.Object java.lang.invoke.Invokers$Holder.linkToTargetMethod(java.lang.Object, int, java.lang.Object)'> (0x000000070977a2f0) thrown at [c:/BuildAgent/work/5ff2f6c26000d570/src/hotspo
Event: 62.426 Thread 0x000002326a054000 Exception <a 'java/lang/ClassNotFoundException'{0x00000007136acee0}: java/lang/ObjectCustomizer> (0x00000007136acee0) thrown at [c:/BuildAgent/work/5ff2f6c26000d570/src/hotspot/share/classfile/systemDictionary.cpp, line 231]
Event: 62.428 Thread 0x000002326a054000 Exception <a 'java/lang/ClassNotFoundException'{0x00000007136c2240}: com/example/test1/model/DocumentReportCustomizer> (0x00000007136c2240) thrown at [c:/BuildAgent/work/5ff2f6c26000d570/src/hotspot/share/classfile/systemDictionary.cpp, line 231]
Event: 62.478 Thread 0x000002326a054000 Exception <a 'java/lang/ClassNotFoundException'{0x00000007133a2aa8}: java/lang/ObjectCustomizer> (0x00000007133a2aa8) thrown at [c:/BuildAgent/work/5ff2f6c26000d570/src/hotspot/share/classfile/systemDictionary.cpp, line 231]
Event: 62.479 Thread 0x000002326a054000 Exception <a 'java/lang/ClassNotFoundException'{0x00000007133b6c30}: com/example/test1/model/DoctorCustomizer> (0x00000007133b6c30) thrown at [c:/BuildAgent/work/5ff2f6c26000d570/src/hotspot/share/classfile/systemDictionary.cpp, line 231]
Event: 62.510 Thread 0x000002326a054000 Exception <a 'java/lang/NoSuchMethodError'{0x00000007131e3278}: 'java.lang.Object java.lang.invoke.DirectMethodHandle$Holder.invokeStaticInit(java.lang.Object, java.lang.Object, java.lang.Object, java.lang.Object, java.lang.Object, java.lang.Object)'> (0x
Event: 62.572 Thread 0x000002326a054000 Exception <a 'java/lang/ClassNotFoundException'{0x0000000712f3d728}: java/lang/ObjectCustomizer> (0x0000000712f3d728) thrown at [c:/BuildAgent/work/5ff2f6c26000d570/src/hotspot/share/classfile/systemDictionary.cpp, line 231]
Event: 62.573 Thread 0x000002326a054000 Exception <a 'java/lang/ClassNotFoundException'{0x0000000712f51bd8}: com/example/test1/model/PatientCustomizer> (0x0000000712f51bd8) thrown at [c:/BuildAgent/work/5ff2f6c26000d570/src/hotspot/share/classfile/systemDictionary.cpp, line 231]

Events (10 events):
Event: 62.721 loading class org/hibernate/hql/internal/ast/tree/MapEntryNode done
Event: 62.722 loading class org/hibernate/hql/internal/ast/tree/SqlFragment
Event: 62.722 loading class org/hibernate/hql/internal/ast/tree/SqlFragment done
Event: 62.722 loading class org/hibernate/hql/internal/ast/util/ASTIterator
Event: 62.722 loading class org/hibernate/hql/internal/ast/util/ASTIterator done
Event: 62.722 loading class org/hibernate/hql/internal/NameGenerator
Event: 62.722 loading class org/hibernate/hql/internal/NameGenerator done
Event: 62.723 loading class org/hibernate/hql/internal/ast/util/JoinProcessor
Event: 62.723 loading class org/hibernate/hql/internal/ast/util/JoinProcessor done
Event: 62.723 Executing VM operation: CollectForMetadataAllocation


Dynamic libraries:
0x00007ff77c220000 - 0x00007ff77c267000 	C:\Program Files\JetBrains\IntelliJ IDEA 2019.2.3\jbr\bin\java.exe
0x00007ffb47120000 - 0x00007ffb47310000 	C:\WINDOWS\SYSTEM32\ntdll.dll
0x00007ffb46090000 - 0x00007ffb46142000 	C:\WINDOWS\System32\KERNEL32.DLL
0x00007ffb442d0000 - 0x00007ffb44575000 	C:\WINDOWS\System32\KERNELBASE.dll
0x00007ffb46920000 - 0x00007ffb46ab4000 	C:\WINDOWS\System32\USER32.dll
0x00007ffb45000000 - 0x00007ffb45021000 	C:\WINDOWS\System32\win32u.dll
0x00007ffb470b0000 - 0x00007ffb470d6000 	C:\WINDOWS\System32\GDI32.dll
0x00007ffb45030000 - 0x00007ffb451c8000 	C:\WINDOWS\System32\gdi32full.dll
0x00007ffb44230000 - 0x00007ffb442ce000 	C:\WINDOWS\System32\msvcp_win.dll
0x00007ffb440a0000 - 0x00007ffb4419a000 	C:\WINDOWS\System32\ucrtbase.dll
0x00007ffb37650000 - 0x00007ffb378d4000 	C:\WINDOWS\WinSxS\amd64_microsoft.windows.common-controls_6595b64144ccf1df_6.0.18362.1316_none_9e7a364fe461dbd7\COMCTL32.dll
0x00007ffb46f00000 - 0x00007ffb46f9e000 	C:\WINDOWS\System32\msvcrt.dll
0x00007ffb452a0000 - 0x00007ffb455d7000 	C:\WINDOWS\System32\combase.dll
0x00007ffb45ea0000 - 0x00007ffb45fbf000 	C:\WINDOWS\System32\RPCRT4.dll
0x00007ffb441a0000 - 0x00007ffb44221000 	C:\WINDOWS\System32\bcryptPrimitives.dll
0x00007ffb46ac0000 - 0x00007ffb46aee000 	C:\WINDOWS\System32\IMM32.DLL
0x00007ffb123a0000 - 0x00007ffb123b7000 	C:\Program Files\JetBrains\IntelliJ IDEA 2019.2.3\jbr\bin\vcruntime140.dll
0x00007ffb0c920000 - 0x00007ffb0c9bd000 	C:\Program Files\JetBrains\IntelliJ IDEA 2019.2.3\jbr\bin\msvcp140.dll
0x00007ffaf1ce0000 - 0x00007ffaf2798000 	C:\Program Files\JetBrains\IntelliJ IDEA 2019.2.3\jbr\bin\server\jvm.dll
0x00007ffb45fe0000 - 0x00007ffb46083000 	C:\WINDOWS\System32\ADVAPI32.dll
0x00007ffb456b0000 - 0x00007ffb45747000 	C:\WINDOWS\System32\sechost.dll
0x00007ffb46b60000 - 0x00007ffb46b68000 	C:\WINDOWS\System32\PSAPI.DLL
0x00007ffb2be70000 - 0x00007ffb2be79000 	C:\WINDOWS\SYSTEM32\WSOCK32.dll
0x00007ffb46af0000 - 0x00007ffb46b5f000 	C:\WINDOWS\System32\WS2_32.dll
0x00007ffb41270000 - 0x00007ffb41294000 	C:\WINDOWS\SYSTEM32\WINMM.dll
0x00007ffb3c7c0000 - 0x00007ffb3c7ca000 	C:\WINDOWS\SYSTEM32\VERSION.dll
0x00007ffb40c30000 - 0x00007ffb40c5d000 	C:\WINDOWS\SYSTEM32\winmmbase.dll
0x00007ffb44580000 - 0x00007ffb445ca000 	C:\WINDOWS\System32\cfgmgr32.dll
0x00007ffb43fe0000 - 0x00007ffb43ff1000 	C:\WINDOWS\System32\kernel.appcore.dll
0x00007ffb3c540000 - 0x00007ffb3c551000 	C:\Program Files\JetBrains\IntelliJ IDEA 2019.2.3\jbr\bin\verify.dll
0x00007ffb33390000 - 0x00007ffb33584000 	C:\WINDOWS\SYSTEM32\DBGHELP.DLL
0x00007ffb33360000 - 0x00007ffb3338a000 	C:\WINDOWS\SYSTEM32\dbgcore.DLL
0x00007ffb32cf0000 - 0x00007ffb32d19000 	C:\Program Files\JetBrains\IntelliJ IDEA 2019.2.3\jbr\bin\java.dll
0x00007ffb40890000 - 0x00007ffb408c8000 	C:\Program Files\JetBrains\IntelliJ IDEA 2019.2.3\jbr\bin\jdwp.dll
0x00007ffb3f9e0000 - 0x00007ffb3fa14000 	C:\Program Files\JetBrains\IntelliJ IDEA 2019.2.3\jbr\bin\instrument.dll
0x00007ffb33c50000 - 0x00007ffb33c67000 	C:\Program Files\JetBrains\IntelliJ IDEA 2019.2.3\jbr\bin\zip.dll
0x00007ffb3eec0000 - 0x00007ffb3eecb000 	C:\Program Files\JetBrains\IntelliJ IDEA 2019.2.3\jbr\bin\jimage.dll
0x00007ffb457b0000 - 0x00007ffb45e98000 	C:\WINDOWS\System32\SHELL32.dll
0x00007ffb46fa0000 - 0x00007ffb47047000 	C:\WINDOWS\System32\shcore.dll
0x00007ffb44800000 - 0x00007ffb44f7b000 	C:\WINDOWS\System32\windows.storage.dll
0x00007ffb44050000 - 0x00007ffb44073000 	C:\WINDOWS\System32\profapi.dll
0x00007ffb44000000 - 0x00007ffb4404a000 	C:\WINDOWS\System32\powrprof.dll
0x00007ffb43fd0000 - 0x00007ffb43fe0000 	C:\WINDOWS\System32\UMPDC.dll
0x00007ffb46cf0000 - 0x00007ffb46d42000 	C:\WINDOWS\System32\shlwapi.dll
0x00007ffb44fe0000 - 0x00007ffb44ff7000 	C:\WINDOWS\System32\cryptsp.dll
0x00007ffb40a40000 - 0x00007ffb40a4b000 	C:\Program Files\JetBrains\IntelliJ IDEA 2019.2.3\jbr\bin\dt_socket.dll
0x00007ffb43760000 - 0x00007ffb437c7000 	C:\WINDOWS\system32\mswsock.dll
0x00007ffb32990000 - 0x00007ffb329aa000 	C:\Program Files\JetBrains\IntelliJ IDEA 2019.2.3\jbr\bin\net.dll
0x00007ffb39dc0000 - 0x00007ffb39eb0000 	C:\WINDOWS\SYSTEM32\WINHTTP.dll
0x00007ffb397e0000 - 0x00007ffb399b6000 	C:\WINDOWS\SYSTEM32\urlmon.dll
0x00007ffb39360000 - 0x00007ffb39607000 	C:\WINDOWS\SYSTEM32\iertutil.dll
0x00007ffb438e0000 - 0x00007ffb438ec000 	C:\WINDOWS\SYSTEM32\CRYPTBASE.DLL
0x00007ffb22140000 - 0x00007ffb22154000 	C:\Program Files\JetBrains\IntelliJ IDEA 2019.2.3\jbr\bin\nio.dll
0x00007ffb434c0000 - 0x00007ffb4358b000 	C:\WINDOWS\SYSTEM32\DNSAPI.dll
0x00007ffb45fc0000 - 0x00007ffb45fc8000 	C:\WINDOWS\System32\NSI.dll
0x00007ffb43480000 - 0x00007ffb434ba000 	C:\WINDOWS\SYSTEM32\IPHLPAPI.DLL
0x00007ffb3ccb0000 - 0x00007ffb3ccba000 	C:\Windows\System32\rasadhlp.dll
0x00007ffb3c660000 - 0x00007ffb3c6d7000 	C:\WINDOWS\System32\fwpuclnt.dll
0x00007ffb447d0000 - 0x00007ffb447f6000 	C:\WINDOWS\System32\bcrypt.dll
0x00007ffb3cae0000 - 0x00007ffb3caea000 	C:\Program Files\JetBrains\IntelliJ IDEA 2019.2.3\jbr\bin\management.dll
0x00007ffb3c930000 - 0x00007ffb3c93c000 	C:\Program Files\JetBrains\IntelliJ IDEA 2019.2.3\jbr\bin\management_ext.dll
0x00007ffb432f0000 - 0x00007ffb43323000 	C:\WINDOWS\system32\rsaenh.dll
0x00007ffb43eb0000 - 0x00007ffb43ed5000 	C:\WINDOWS\SYSTEM32\USERENV.dll
0x00007ffb3cc90000 - 0x00007ffb3cca6000 	C:\WINDOWS\SYSTEM32\dhcpcsvc6.DLL
0x00007ffb3ddc0000 - 0x00007ffb3dddc000 	C:\WINDOWS\SYSTEM32\dhcpcsvc.DLL
0x00007ffb271e0000 - 0x00007ffb271f6000 	C:\WINDOWS\system32\napinsp.dll
0x00007ffb271c0000 - 0x00007ffb271da000 	C:\WINDOWS\system32\pnrpnsp.dll
0x00007ffb25a70000 - 0x00007ffb25a7e000 	C:\WINDOWS\System32\winrnr.dll
0x00007ffb40750000 - 0x00007ffb4076c000 	C:\WINDOWS\system32\NLAapi.dll
0x00007ffb3f9b0000 - 0x00007ffb3f9c5000 	C:\WINDOWS\system32\wshbth.dll

dbghelp: loaded successfully - version: 4.0.5 - missing functions: none
symbol engine: initialized successfully - sym options: 0x614 - pdb path: .;C:\Program Files\JetBrains\IntelliJ IDEA 2019.2.3\jbr\bin;C:\WINDOWS\SYSTEM32;C:\WINDOWS\WinSxS\amd64_microsoft.windows.common-controls_6595b64144ccf1df_6.0.18362.1316_none_9e7a364fe461dbd7;C:\Program Files\JetBrains\IntelliJ IDEA 2019.2.3\jbr\bin\server

VM Arguments:
jvm_args: -agentlib:jdwp=transport=dt_socket,address=127.0.0.1:56438,suspend=y,server=n -XX:TieredStopAtLevel=1 -Xverify:none -Dspring.output.ansi.enabled=always -Dcom.sun.management.jmxremote -Dspring.jmx.enabled=true -Dspring.liveBeansView.mbeanDomain -Dspring.application.admin.enabled=true -javaagent:C:\Users\jasak\.IntelliJIdea2019.2\system\captureAgent\debugger-agent.jar -Dfile.encoding=UTF-8 
java_command: com.example.test1.Test1Application
java_class_path (initial): C:\Users\jasak\IdeaProjects\test1\target\classes;C:\Users\jasak\.m2\repository\org\springframework\boot\spring-boot-starter-data-jpa\2.4.2\spring-boot-starter-data-jpa-2.4.2.jar;C:\Users\jasak\.m2\repository\org\springframework\boot\spring-boot-starter-aop\2.4.2\spring-boot-starter-aop-2.4.2.jar;C:\Users\jasak\.m2\repository\org\springframework\spring-aop\5.3.3\spring-aop-5.3.3.jar;C:\Users\jasak\.m2\repository\org\aspectj\aspectjweaver\1.9.6\aspectjweaver-1.9.6.jar;C:\Users\jasak\.m2\repository\org\springframework\boot\spring-boot-starter-jdbc\2.4.2\spring-boot-starter-jdbc-2.4.2.jar;C:\Users\jasak\.m2\repository\com\zaxxer\HikariCP\3.4.5\HikariCP-3.4.5.jar;C:\Users\jasak\.m2\repository\org\springframework\spring-jdbc\5.3.3\spring-jdbc-5.3.3.jar;C:\Users\jasak\.m2\repository\jakarta\transaction\jakarta.transaction-api\1.3.3\jakarta.transaction-api-1.3.3.jar;C:\Users\jasak\.m2\repository\jakarta\persistence\jakarta.persistence-api\2.2.3\jakarta.persistence-api-2.2.3.jar;C:\Users\jasak\.m2\repository\org\hibernate\hibernate-core\5.4.27.Final\hibernate-core-5.4.27.Final.jar;C:\Users\jasak\.m2\repository\org\javassist\javassist\3.27.0-GA\javassist-3.27.0-GA.jar;C:\Users\jasak\.m2\repository\net\bytebuddy\byte-buddy\1.10.19\byte-buddy-1.10.19.jar;C:\Users\jasak\.m2\repository\antlr\antlr\2.7.7\antlr-2.7.7.jar;C:\Users\jasak\.m2\repository\org\jboss\jandex\2.1.3.Final\jandex-2.1.3.Final.jar;C:\Users\jasak\.m2\repository\org\dom4j\dom4j\2.1.3\dom4j-2.1.3.jar;C:\Users\jasak\.m2\repository\org\hibernate\common\hibernate-commons-annotations\5.1.2.Final\hibernate-commons-annotations-5.1.2.Final.jar;C:\Users\jasak\.m2\repository\org\glassfish\jaxb\jaxb-runtime\2.3.3\jaxb-runtime-2.3.3.jar;C:\Users\jasak\.m2\repository\org\glassfish\jaxb\txw2\2.3.3\txw2-2.3.3.jar;C:\Users\jasak\.m2\repository\com\sun\istack\istack-commons-runtime\3.0.11\istack-commons-runtime-3.0.11.jar;C:\Users\jasak\.m2\repository\com\sun\activation\jakarta.activation\1.2.2\jakart
Launcher Type: SUN_STANDARD

[Global flags]
     bool BytecodeVerificationLocal                = false                                     {product} {command line}
     bool BytecodeVerificationRemote               = false                                     {product} {command line}
     intx CICompilerCount                          = 3                                         {product} {ergonomic}
     uint ConcGCThreads                            = 1                                         {product} {ergonomic}
     uint G1ConcRefinementThreads                  = 4                                         {product} {ergonomic}
   size_t G1HeapRegionSize                         = 1048576                                   {product} {ergonomic}
    uintx GCDrainStackTargetSize                   = 64                                        {product} {ergonomic}
   size_t InitialHeapSize                          = 268435456                                 {product} {ergonomic}
     bool ManagementServer                         = true                                      {product} {command line}
   size_t MarkStackSize                            = 4194304                                   {product} {ergonomic}
   size_t MaxHeapSize                              = 4276092928                                {product} {ergonomic}
   size_t MaxNewSize                               = 2564816896                                {product} {ergonomic}
   size_t MinHeapDeltaBytes                        = 1048576                                   {product} {ergonomic}
    uintx NonNMethodCodeHeapSize                   = 6973028                                {pd product} {ergonomic}
    uintx NonProfiledCodeHeapSize                  = 244685212                              {pd product} {ergonomic}
    uintx ProfiledCodeHeapSize                     = 0                                      {pd product} {ergonomic}
    uintx ReservedCodeCacheSize                    = 251658240                              {pd product} {ergonomic}
     bool SegmentedCodeCache                       = true                                      {product} {ergonomic}
     intx TieredStopAtLevel                        = 1                                         {product} {command line}
     bool UseCompressedClassPointers               = true                                 {lp64_product} {ergonomic}
     bool UseCompressedOops                        = true                                 {lp64_product} {ergonomic}
     bool UseG1GC                                  = true                                      {product} {ergonomic}
     bool UseLargePagesIndividualAllocation        = false                                  {pd product} {ergonomic}

Logging:
Log output configuration:
 #0: stdout all=warning uptime,level,tags
 #1: stderr all=off uptime,level,tags

Environment Variables:
PATH=C:\Program Files (x86)\NVIDIA Corporation\PhysX\Common;C:\WINDOWS\system32;C:\WINDOWS;C:\WINDOWS\System32\Wbem;C:\WINDOWS\System32\WindowsPowerShell\v1.0\;C:\WINDOWS\System32\OpenSSH\;C:\Program Files\dotnet\;C:\Program Files\Microsoft SQL Server\130\Tools\Binn\;C:\Program Files\Microsoft SQL Server\Client SDK\ODBC\170\Tools\Binn\;C:\Program Files\nodejs\;C:\Program Files\Git\cmd;C:\Program Files (x86)\SMLNJ\bin\;C:\Program Files (x86)\Yarn\bin\;C:\bin\phantomjs\phantomjs-2.1.1-windows\bin\;C:\bin\gecko;C:\Program Files\MATLAB\R2020b\bin;C:\Program Files\Docker\Docker\resources\bin;C:\ProgramData\DockerDesktop\version-bin;C:\Users\jasak\anaconda3;C:\Users\jasak\anaconda3\Library\mingw-w64\bin;C:\Users\jasak\anaconda3\Library\usr\bin;C:\Users\jasak\anaconda3\Library\bin;C:\Users\jasak\anaconda3\Scripts;C:\Users\jasak\AppData\Local\Programs\Python\Python38\Scripts\;C:\Users\jasak\AppData\Local\Programs\Python\Python38\;C:\Users\jasak\AppData\Local\Microsoft\WindowsApps;C:\Users\jasak\AppData\Roaming\npm;C:\Program Files (x86)\Nmap;C:\Users\jasak\.dotnet\tools;C:\Users\jasak\AppData\Local\Programs\Microsoft VS Code\bin;C:\Users\jasak\AppData\Local\Yarn\bin;C:\Users\jasak\AppData\Local\Programs\MiKTeX\miktex\bin\x64\
USERNAME=jasak
OS=Windows_NT
PROCESSOR_IDENTIFIER=Intel64 Family 6 Model 60 Stepping 3, GenuineIntel



---------------  S Y S T E M  ---------------

OS: Windows 10 , 64 bit Build 18362 (10.0.18362.1316)

CPU:total 4 (initial active 4) (4 cores per cpu, 1 threads per core) family 6 model 60 stepping 3, cmov, cx8, fxsr, mmx, sse, sse2, sse3, ssse3, sse4.1, sse4.2, popcnt, avx, avx2, aes, clmul, erms, lzcnt, tsc, tscinvbit, bmi1, bmi2, fma

Memory: 4k page, system-wide physical 16310M (3916M free)
TotalPageFile size 16310M (AvailPageFile size 62M)
current process WorkingSet (physical memory assigned to process): 383M, peak: 383M
current process commit charge ("private bytes"): 500M, peak: 562M

vm_info: OpenJDK 64-Bit Server VM (11.0.4+10-b304.69) for windows-amd64 JRE (11.0.4+10-b304.69), built on Sep  9 2019 11:39:50 by "" with MS VC++ 14.0 (VS2015)

END.
